The system is: Linux - 5.15.49-linuxkit - x86_64
Compiling the C compiler identification source file "CMakeCCompilerId.c" succeeded.
Compiler: /usr/bin/clang 
Build flags: 
Id flags:  

The output was:
0


Compilation of the C compiler identification source "CMakeCCompilerId.c" produced "a.out"

The C compiler identification is Clang, found in "/lab7/build/CMakeFiles/3.10.2/CompilerIdC/a.out"

Compiling the CXX compiler identification source file "CMakeCXXCompilerId.cpp" succeeded.
Compiler: /usr/bin/clang++ 
Build flags: 
Id flags:  

The output was:
0


Compilation of the CXX compiler identification source "CMakeCXXCompilerId.cpp" produced "a.out"

The CXX compiler identification is Clang, found in "/lab7/build/CMakeFiles/3.10.2/CompilerIdCXX/a.out"

Determining if the C compiler works passed with the following output:
Change Dir: /lab7/build/CMakeFiles/CMakeTmp

Run Build Command:"/usr/bin/make" "cmTC_afeb3/fast"
/usr/bin/make -f CMakeFiles/cmTC_afeb3.dir/build.make CMakeFiles/cmTC_afeb3.dir/build
make[1]: Entering directory '/lab7/build/CMakeFiles/CMakeTmp'
Building C object CMakeFiles/cmTC_afeb3.dir/testCCompiler.c.o
/usr/bin/clang    -o CMakeFiles/cmTC_afeb3.dir/testCCompiler.c.o   -c /lab7/build/CMakeFiles/CMakeTmp/testCCompiler.c
Linking C executable cmTC_afeb3
/usr/bin/cmake -E cmake_link_script CMakeFiles/cmTC_afeb3.dir/link.txt --verbose=1
/usr/bin/clang      -rdynamic CMakeFiles/cmTC_afeb3.dir/testCCompiler.c.o  -o cmTC_afeb3 
make[1]: Leaving directory '/lab7/build/CMakeFiles/CMakeTmp'


Detecting C compiler ABI info compiled with the following output:
Change Dir: /lab7/build/CMakeFiles/CMakeTmp

Run Build Command:"/usr/bin/make" "cmTC_7c4bd/fast"
/usr/bin/make -f CMakeFiles/cmTC_7c4bd.dir/build.make CMakeFiles/cmTC_7c4bd.dir/build
make[1]: Entering directory '/lab7/build/CMakeFiles/CMakeTmp'
Building C object CMakeFiles/cmTC_7c4bd.dir/CMakeCCompilerABI.c.o
/usr/bin/clang    -o CMakeFiles/cmTC_7c4bd.dir/CMakeCCompilerABI.c.o   -c /usr/share/cmake-3.10/Modules/CMakeCCompilerABI.c
Linking C executable cmTC_7c4bd
/usr/bin/cmake -E cmake_link_script CMakeFiles/cmTC_7c4bd.dir/link.txt --verbose=1
/usr/bin/clang     -v -rdynamic CMakeFiles/cmTC_7c4bd.dir/CMakeCCompilerABI.c.o  -o cmTC_7c4bd 
clang version 8.0.1- (branches/release_80)
Target: x86_64-pc-linux-gnu
Thread model: posix
InstalledDir: /usr/bin
Found candidate GCC installation: /usr/bin/../lib/gcc/x86_64-linux-gnu/4.8
Found candidate GCC installation: /usr/bin/../lib/gcc/x86_64-linux-gnu/4.8.5
Found candidate GCC installation: /usr/bin/../lib/gcc/x86_64-linux-gnu/7
Found candidate GCC installation: /usr/bin/../lib/gcc/x86_64-linux-gnu/7.5.0
Found candidate GCC installation: /usr/bin/../lib/gcc/x86_64-linux-gnu/8
Found candidate GCC installation: /usr/lib/gcc/x86_64-linux-gnu/4.8
Found candidate GCC installation: /usr/lib/gcc/x86_64-linux-gnu/4.8.5
Found candidate GCC installation: /usr/lib/gcc/x86_64-linux-gnu/7
Found candidate GCC installation: /usr/lib/gcc/x86_64-linux-gnu/7.5.0
Found candidate GCC installation: /usr/lib/gcc/x86_64-linux-gnu/8
Selected GCC installation: /usr/bin/../lib/gcc/x86_64-linux-gnu/7.5.0
Candidate multilib: .;@m64
Selected multilib: .;@m64
 "/usr/bin/ld" -export-dynamic -z relro --hash-style=gnu --build-id --eh-frame-hdr -m elf_x86_64 -export-dynamic -dynamic-linker /lib64/ld-linux-x86-64.so.2 -o cmTC_7c4bd /usr/bin/../lib/gcc/x86_64-linux-gnu/7.5.0/../../../x86_64-linux-gnu/crt1.o /usr/bin/../lib/gcc/x86_64-linux-gnu/7.5.0/../../../x86_64-linux-gnu/crti.o /usr/bin/../lib/gcc/x86_64-linux-gnu/7.5.0/crtbegin.o -L/usr/bin/../lib/gcc/x86_64-linux-gnu/7.5.0 -L/usr/bin/../lib/gcc/x86_64-linux-gnu/7.5.0/../../../x86_64-linux-gnu -L/lib/x86_64-linux-gnu -L/lib/../lib64 -L/usr/lib/x86_64-linux-gnu -L/usr/bin/../lib/gcc/x86_64-linux-gnu/7.5.0/../../.. -L/usr/lib/llvm-8/bin/../lib -L/lib -L/usr/lib CMakeFiles/cmTC_7c4bd.dir/CMakeCCompilerABI.c.o -lgcc --as-needed -lgcc_s --no-as-needed -lc -lgcc --as-needed -lgcc_s --no-as-needed /usr/bin/../lib/gcc/x86_64-linux-gnu/7.5.0/crtend.o /usr/bin/../lib/gcc/x86_64-linux-gnu/7.5.0/../../../x86_64-linux-gnu/crtn.o
make[1]: Leaving directory '/lab7/build/CMakeFiles/CMakeTmp'


Parsed C implicit link information from above output:
  link line regex: [^( *|.*[/\])(ld|CMAKE_LINK_STARTFILE-NOTFOUND|([^/\]+-)?ld|collect2)[^/\]*( |$)]
  ignore line: [Change Dir: /lab7/build/CMakeFiles/CMakeTmp]
  ignore line: []
  ignore line: [Run Build Command:"/usr/bin/make" "cmTC_7c4bd/fast"]
  ignore line: [/usr/bin/make -f CMakeFiles/cmTC_7c4bd.dir/build.make CMakeFiles/cmTC_7c4bd.dir/build]
  ignore line: [make[1]: Entering directory '/lab7/build/CMakeFiles/CMakeTmp']
  ignore line: [Building C object CMakeFiles/cmTC_7c4bd.dir/CMakeCCompilerABI.c.o]
  ignore line: [/usr/bin/clang    -o CMakeFiles/cmTC_7c4bd.dir/CMakeCCompilerABI.c.o   -c /usr/share/cmake-3.10/Modules/CMakeCCompilerABI.c]
  ignore line: [Linking C executable cmTC_7c4bd]
  ignore line: [/usr/bin/cmake -E cmake_link_script CMakeFiles/cmTC_7c4bd.dir/link.txt --verbose=1]
  ignore line: [/usr/bin/clang     -v -rdynamic CMakeFiles/cmTC_7c4bd.dir/CMakeCCompilerABI.c.o  -o cmTC_7c4bd ]
  ignore line: [clang version 8.0.1- (branches/release_80)]
  ignore line: [Target: x86_64-pc-linux-gnu]
  ignore line: [Thread model: posix]
  ignore line: [InstalledDir: /usr/bin]
  ignore line: [Found candidate GCC installation: /usr/bin/../lib/gcc/x86_64-linux-gnu/4.8]
  ignore line: [Found candidate GCC installation: /usr/bin/../lib/gcc/x86_64-linux-gnu/4.8.5]
  ignore line: [Found candidate GCC installation: /usr/bin/../lib/gcc/x86_64-linux-gnu/7]
  ignore line: [Found candidate GCC installation: /usr/bin/../lib/gcc/x86_64-linux-gnu/7.5.0]
  ignore line: [Found candidate GCC installation: /usr/bin/../lib/gcc/x86_64-linux-gnu/8]
  ignore line: [Found candidate GCC installation: /usr/lib/gcc/x86_64-linux-gnu/4.8]
  ignore line: [Found candidate GCC installation: /usr/lib/gcc/x86_64-linux-gnu/4.8.5]
  ignore line: [Found candidate GCC installation: /usr/lib/gcc/x86_64-linux-gnu/7]
  ignore line: [Found candidate GCC installation: /usr/lib/gcc/x86_64-linux-gnu/7.5.0]
  ignore line: [Found candidate GCC installation: /usr/lib/gcc/x86_64-linux-gnu/8]
  ignore line: [Selected GCC installation: /usr/bin/../lib/gcc/x86_64-linux-gnu/7.5.0]
  ignore line: [Candidate multilib: .]
  ignore line: [@m64]
  ignore line: [Selected multilib: .]
  ignore line: [@m64]
  link line: [ "/usr/bin/ld" -export-dynamic -z relro --hash-style=gnu --build-id --eh-frame-hdr -m elf_x86_64 -export-dynamic -dynamic-linker /lib64/ld-linux-x86-64.so.2 -o cmTC_7c4bd /usr/bin/../lib/gcc/x86_64-linux-gnu/7.5.0/../../../x86_64-linux-gnu/crt1.o /usr/bin/../lib/gcc/x86_64-linux-gnu/7.5.0/../../../x86_64-linux-gnu/crti.o /usr/bin/../lib/gcc/x86_64-linux-gnu/7.5.0/crtbegin.o -L/usr/bin/../lib/gcc/x86_64-linux-gnu/7.5.0 -L/usr/bin/../lib/gcc/x86_64-linux-gnu/7.5.0/../../../x86_64-linux-gnu -L/lib/x86_64-linux-gnu -L/lib/../lib64 -L/usr/lib/x86_64-linux-gnu -L/usr/bin/../lib/gcc/x86_64-linux-gnu/7.5.0/../../.. -L/usr/lib/llvm-8/bin/../lib -L/lib -L/usr/lib CMakeFiles/cmTC_7c4bd.dir/CMakeCCompilerABI.c.o -lgcc --as-needed -lgcc_s --no-as-needed -lc -lgcc --as-needed -lgcc_s --no-as-needed /usr/bin/../lib/gcc/x86_64-linux-gnu/7.5.0/crtend.o /usr/bin/../lib/gcc/x86_64-linux-gnu/7.5.0/../../../x86_64-linux-gnu/crtn.o]
    arg [/usr/bin/ld] ==> ignore
    arg [-export-dynamic] ==> ignore
    arg [-zrelro] ==> ignore
    arg [--hash-style=gnu] ==> ignore
    arg [--build-id] ==> ignore
    arg [--eh-frame-hdr] ==> ignore
    arg [-m] ==> ignore
    arg [elf_x86_64] ==> ignore
    arg [-export-dynamic] ==> ignore
    arg [-dynamic-linker] ==> ignore
    arg [/lib64/ld-linux-x86-64.so.2] ==> ignore
    arg [-o] ==> ignore
    arg [cmTC_7c4bd] ==> ignore
    arg [/usr/bin/../lib/gcc/x86_64-linux-gnu/7.5.0/../../../x86_64-linux-gnu/crt1.o] ==> ignore
    arg [/usr/bin/../lib/gcc/x86_64-linux-gnu/7.5.0/../../../x86_64-linux-gnu/crti.o] ==> ignore
    arg [/usr/bin/../lib/gcc/x86_64-linux-gnu/7.5.0/crtbegin.o] ==> ignore
    arg [-L/usr/bin/../lib/gcc/x86_64-linux-gnu/7.5.0] ==> dir [/usr/bin/../lib/gcc/x86_64-linux-gnu/7.5.0]
    arg [-L/usr/bin/../lib/gcc/x86_64-linux-gnu/7.5.0/../../../x86_64-linux-gnu] ==> dir [/usr/bin/../lib/gcc/x86_64-linux-gnu/7.5.0/../../../x86_64-linux-gnu]
    arg [-L/lib/x86_64-linux-gnu] ==> dir [/lib/x86_64-linux-gnu]
    arg [-L/lib/../lib64] ==> dir [/lib/../lib64]
    arg [-L/usr/lib/x86_64-linux-gnu] ==> dir [/usr/lib/x86_64-linux-gnu]
    arg [-L/usr/bin/../lib/gcc/x86_64-linux-gnu/7.5.0/../../..] ==> dir [/usr/bin/../lib/gcc/x86_64-linux-gnu/7.5.0/../../..]
    arg [-L/usr/lib/llvm-8/bin/../lib] ==> dir [/usr/lib/llvm-8/bin/../lib]
    arg [-L/lib] ==> dir [/lib]
    arg [-L/usr/lib] ==> dir [/usr/lib]
    arg [CMakeFiles/cmTC_7c4bd.dir/CMakeCCompilerABI.c.o] ==> ignore
    arg [-lgcc] ==> lib [gcc]
    arg [--as-needed] ==> ignore
    arg [-lgcc_s] ==> lib [gcc_s]
    arg [--no-as-needed] ==> ignore
    arg [-lc] ==> lib [c]
    arg [-lgcc] ==> lib [gcc]
    arg [--as-needed] ==> ignore
    arg [-lgcc_s] ==> lib [gcc_s]
    arg [--no-as-needed] ==> ignore
    arg [/usr/bin/../lib/gcc/x86_64-linux-gnu/7.5.0/crtend.o] ==> ignore
    arg [/usr/bin/../lib/gcc/x86_64-linux-gnu/7.5.0/../../../x86_64-linux-gnu/crtn.o] ==> ignore
  collapse library dir [/usr/bin/../lib/gcc/x86_64-linux-gnu/7.5.0] ==> [/usr/lib/gcc/x86_64-linux-gnu/7.5.0]
  collapse library dir [/usr/bin/../lib/gcc/x86_64-linux-gnu/7.5.0/../../../x86_64-linux-gnu] ==> [/usr/lib/x86_64-linux-gnu]
  collapse library dir [/lib/x86_64-linux-gnu] ==> [/lib/x86_64-linux-gnu]
  collapse library dir [/lib/../lib64] ==> [/lib64]
  collapse library dir [/usr/lib/x86_64-linux-gnu] ==> [/usr/lib/x86_64-linux-gnu]
  collapse library dir [/usr/bin/../lib/gcc/x86_64-linux-gnu/7.5.0/../../..] ==> [/usr/lib]
  collapse library dir [/usr/lib/llvm-8/bin/../lib] ==> [/usr/lib/llvm-8/lib]
  collapse library dir [/lib] ==> [/lib]
  collapse library dir [/usr/lib] ==> [/usr/lib]
  implicit libs: [gcc;gcc_s;c;gcc;gcc_s]
  implicit dirs: [/usr/lib/gcc/x86_64-linux-gnu/7.5.0;/usr/lib/x86_64-linux-gnu;/lib/x86_64-linux-gnu;/lib64;/usr/lib;/usr/lib/llvm-8/lib;/lib]
  implicit fwks: []




Detecting C [-std=c11] compiler features compiled with the following output:
Change Dir: /lab7/build/CMakeFiles/CMakeTmp

Run Build Command:"/usr/bin/make" "cmTC_41049/fast"
/usr/bin/make -f CMakeFiles/cmTC_41049.dir/build.make CMakeFiles/cmTC_41049.dir/build
make[1]: Entering directory '/lab7/build/CMakeFiles/CMakeTmp'
Building C object CMakeFiles/cmTC_41049.dir/feature_tests.c.o
/usr/bin/clang   -std=c11 -o CMakeFiles/cmTC_41049.dir/feature_tests.c.o   -c /lab7/build/CMakeFiles/feature_tests.c
Linking C executable cmTC_41049
/usr/bin/cmake -E cmake_link_script CMakeFiles/cmTC_41049.dir/link.txt --verbose=1
/usr/bin/clang      -rdynamic CMakeFiles/cmTC_41049.dir/feature_tests.c.o  -o cmTC_41049 
make[1]: Leaving directory '/lab7/build/CMakeFiles/CMakeTmp'


    Feature record: C_FEATURE:1c_function_prototypes
    Feature record: C_FEATURE:1c_restrict
    Feature record: C_FEATURE:1c_static_assert
    Feature record: C_FEATURE:1c_variadic_macros


Detecting C [-std=c99] compiler features compiled with the following output:
Change Dir: /lab7/build/CMakeFiles/CMakeTmp

Run Build Command:"/usr/bin/make" "cmTC_b6ff0/fast"
/usr/bin/make -f CMakeFiles/cmTC_b6ff0.dir/build.make CMakeFiles/cmTC_b6ff0.dir/build
make[1]: Entering directory '/lab7/build/CMakeFiles/CMakeTmp'
Building C object CMakeFiles/cmTC_b6ff0.dir/feature_tests.c.o
/usr/bin/clang   -std=c99 -o CMakeFiles/cmTC_b6ff0.dir/feature_tests.c.o   -c /lab7/build/CMakeFiles/feature_tests.c
Linking C executable cmTC_b6ff0
/usr/bin/cmake -E cmake_link_script CMakeFiles/cmTC_b6ff0.dir/link.txt --verbose=1
/usr/bin/clang      -rdynamic CMakeFiles/cmTC_b6ff0.dir/feature_tests.c.o  -o cmTC_b6ff0 
make[1]: Leaving directory '/lab7/build/CMakeFiles/CMakeTmp'


    Feature record: C_FEATURE:1c_function_prototypes
    Feature record: C_FEATURE:1c_restrict
    Feature record: C_FEATURE:0c_static_assert
    Feature record: C_FEATURE:1c_variadic_macros


Detecting C [-std=c90] compiler features compiled with the following output:
Change Dir: /lab7/build/CMakeFiles/CMakeTmp

Run Build Command:"/usr/bin/make" "cmTC_35110/fast"
/usr/bin/make -f CMakeFiles/cmTC_35110.dir/build.make CMakeFiles/cmTC_35110.dir/build
make[1]: Entering directory '/lab7/build/CMakeFiles/CMakeTmp'
Building C object CMakeFiles/cmTC_35110.dir/feature_tests.c.o
/usr/bin/clang   -std=c90 -o CMakeFiles/cmTC_35110.dir/feature_tests.c.o   -c /lab7/build/CMakeFiles/feature_tests.c
Linking C executable cmTC_35110
/usr/bin/cmake -E cmake_link_script CMakeFiles/cmTC_35110.dir/link.txt --verbose=1
/usr/bin/clang      -rdynamic CMakeFiles/cmTC_35110.dir/feature_tests.c.o  -o cmTC_35110 
make[1]: Leaving directory '/lab7/build/CMakeFiles/CMakeTmp'


    Feature record: C_FEATURE:1c_function_prototypes
    Feature record: C_FEATURE:0c_restrict
    Feature record: C_FEATURE:0c_static_assert
    Feature record: C_FEATURE:0c_variadic_macros
Determining if the CXX compiler works passed with the following output:
Change Dir: /lab7/build/CMakeFiles/CMakeTmp

Run Build Command:"/usr/bin/make" "cmTC_fba47/fast"
/usr/bin/make -f CMakeFiles/cmTC_fba47.dir/build.make CMakeFiles/cmTC_fba47.dir/build
make[1]: Entering directory '/lab7/build/CMakeFiles/CMakeTmp'
Building CXX object CMakeFiles/cmTC_fba47.dir/testCXXCompiler.cxx.o
/usr/bin/clang++     -o CMakeFiles/cmTC_fba47.dir/testCXXCompiler.cxx.o -c /lab7/build/CMakeFiles/CMakeTmp/testCXXCompiler.cxx
Linking CXX executable cmTC_fba47
/usr/bin/cmake -E cmake_link_script CMakeFiles/cmTC_fba47.dir/link.txt --verbose=1
/usr/bin/clang++       -rdynamic CMakeFiles/cmTC_fba47.dir/testCXXCompiler.cxx.o  -o cmTC_fba47 
make[1]: Leaving directory '/lab7/build/CMakeFiles/CMakeTmp'


Detecting CXX compiler ABI info compiled with the following output:
Change Dir: /lab7/build/CMakeFiles/CMakeTmp

Run Build Command:"/usr/bin/make" "cmTC_47b96/fast"
/usr/bin/make -f CMakeFiles/cmTC_47b96.dir/build.make CMakeFiles/cmTC_47b96.dir/build
make[1]: Entering directory '/lab7/build/CMakeFiles/CMakeTmp'
Building CXX object CMakeFiles/cmTC_47b96.dir/CMakeCXXCompilerABI.cpp.o
/usr/bin/clang++     -o CMakeFiles/cmTC_47b96.dir/CMakeCXXCompilerABI.cpp.o -c /usr/share/cmake-3.10/Modules/CMakeCXXCompilerABI.cpp
Linking CXX executable cmTC_47b96
/usr/bin/cmake -E cmake_link_script CMakeFiles/cmTC_47b96.dir/link.txt --verbose=1
/usr/bin/clang++      -v -rdynamic CMakeFiles/cmTC_47b96.dir/CMakeCXXCompilerABI.cpp.o  -o cmTC_47b96 
clang version 8.0.1- (branches/release_80)
Target: x86_64-pc-linux-gnu
Thread model: posix
InstalledDir: /usr/bin
Found candidate GCC installation: /usr/bin/../lib/gcc/x86_64-linux-gnu/4.8
Found candidate GCC installation: /usr/bin/../lib/gcc/x86_64-linux-gnu/4.8.5
Found candidate GCC installation: /usr/bin/../lib/gcc/x86_64-linux-gnu/7
Found candidate GCC installation: /usr/bin/../lib/gcc/x86_64-linux-gnu/7.5.0
Found candidate GCC installation: /usr/bin/../lib/gcc/x86_64-linux-gnu/8
Found candidate GCC installation: /usr/lib/gcc/x86_64-linux-gnu/4.8
Found candidate GCC installation: /usr/lib/gcc/x86_64-linux-gnu/4.8.5
Found candidate GCC installation: /usr/lib/gcc/x86_64-linux-gnu/7
Found candidate GCC installation: /usr/lib/gcc/x86_64-linux-gnu/7.5.0
Found candidate GCC installation: /usr/lib/gcc/x86_64-linux-gnu/8
Selected GCC installation: /usr/bin/../lib/gcc/x86_64-linux-gnu/7.5.0
Candidate multilib: .;@m64
Selected multilib: .;@m64
 "/usr/bin/ld" -export-dynamic -z relro --hash-style=gnu --build-id --eh-frame-hdr -m elf_x86_64 -export-dynamic -dynamic-linker /lib64/ld-linux-x86-64.so.2 -o cmTC_47b96 /usr/bin/../lib/gcc/x86_64-linux-gnu/7.5.0/../../../x86_64-linux-gnu/crt1.o /usr/bin/../lib/gcc/x86_64-linux-gnu/7.5.0/../../../x86_64-linux-gnu/crti.o /usr/bin/../lib/gcc/x86_64-linux-gnu/7.5.0/crtbegin.o -L/usr/bin/../lib/gcc/x86_64-linux-gnu/7.5.0 -L/usr/bin/../lib/gcc/x86_64-linux-gnu/7.5.0/../../../x86_64-linux-gnu -L/lib/x86_64-linux-gnu -L/lib/../lib64 -L/usr/lib/x86_64-linux-gnu -L/usr/bin/../lib/gcc/x86_64-linux-gnu/7.5.0/../../.. -L/usr/lib/llvm-8/bin/../lib -L/lib -L/usr/lib CMakeFiles/cmTC_47b96.dir/CMakeCXXCompilerABI.cpp.o -lstdc++ -lm -lgcc_s -lgcc -lc -lgcc_s -lgcc /usr/bin/../lib/gcc/x86_64-linux-gnu/7.5.0/crtend.o /usr/bin/../lib/gcc/x86_64-linux-gnu/7.5.0/../../../x86_64-linux-gnu/crtn.o
make[1]: Leaving directory '/lab7/build/CMakeFiles/CMakeTmp'


Parsed CXX implicit link information from above output:
  link line regex: [^( *|.*[/\])(ld|CMAKE_LINK_STARTFILE-NOTFOUND|([^/\]+-)?ld|collect2)[^/\]*( |$)]
  ignore line: [Change Dir: /lab7/build/CMakeFiles/CMakeTmp]
  ignore line: []
  ignore line: [Run Build Command:"/usr/bin/make" "cmTC_47b96/fast"]
  ignore line: [/usr/bin/make -f CMakeFiles/cmTC_47b96.dir/build.make CMakeFiles/cmTC_47b96.dir/build]
  ignore line: [make[1]: Entering directory '/lab7/build/CMakeFiles/CMakeTmp']
  ignore line: [Building CXX object CMakeFiles/cmTC_47b96.dir/CMakeCXXCompilerABI.cpp.o]
  ignore line: [/usr/bin/clang++     -o CMakeFiles/cmTC_47b96.dir/CMakeCXXCompilerABI.cpp.o -c /usr/share/cmake-3.10/Modules/CMakeCXXCompilerABI.cpp]
  ignore line: [Linking CXX executable cmTC_47b96]
  ignore line: [/usr/bin/cmake -E cmake_link_script CMakeFiles/cmTC_47b96.dir/link.txt --verbose=1]
  ignore line: [/usr/bin/clang++      -v -rdynamic CMakeFiles/cmTC_47b96.dir/CMakeCXXCompilerABI.cpp.o  -o cmTC_47b96 ]
  ignore line: [clang version 8.0.1- (branches/release_80)]
  ignore line: [Target: x86_64-pc-linux-gnu]
  ignore line: [Thread model: posix]
  ignore line: [InstalledDir: /usr/bin]
  ignore line: [Found candidate GCC installation: /usr/bin/../lib/gcc/x86_64-linux-gnu/4.8]
  ignore line: [Found candidate GCC installation: /usr/bin/../lib/gcc/x86_64-linux-gnu/4.8.5]
  ignore line: [Found candidate GCC installation: /usr/bin/../lib/gcc/x86_64-linux-gnu/7]
  ignore line: [Found candidate GCC installation: /usr/bin/../lib/gcc/x86_64-linux-gnu/7.5.0]
  ignore line: [Found candidate GCC installation: /usr/bin/../lib/gcc/x86_64-linux-gnu/8]
  ignore line: [Found candidate GCC installation: /usr/lib/gcc/x86_64-linux-gnu/4.8]
  ignore line: [Found candidate GCC installation: /usr/lib/gcc/x86_64-linux-gnu/4.8.5]
  ignore line: [Found candidate GCC installation: /usr/lib/gcc/x86_64-linux-gnu/7]
  ignore line: [Found candidate GCC installation: /usr/lib/gcc/x86_64-linux-gnu/7.5.0]
  ignore line: [Found candidate GCC installation: /usr/lib/gcc/x86_64-linux-gnu/8]
  ignore line: [Selected GCC installation: /usr/bin/../lib/gcc/x86_64-linux-gnu/7.5.0]
  ignore line: [Candidate multilib: .]
  ignore line: [@m64]
  ignore line: [Selected multilib: .]
  ignore line: [@m64]
  link line: [ "/usr/bin/ld" -export-dynamic -z relro --hash-style=gnu --build-id --eh-frame-hdr -m elf_x86_64 -export-dynamic -dynamic-linker /lib64/ld-linux-x86-64.so.2 -o cmTC_47b96 /usr/bin/../lib/gcc/x86_64-linux-gnu/7.5.0/../../../x86_64-linux-gnu/crt1.o /usr/bin/../lib/gcc/x86_64-linux-gnu/7.5.0/../../../x86_64-linux-gnu/crti.o /usr/bin/../lib/gcc/x86_64-linux-gnu/7.5.0/crtbegin.o -L/usr/bin/../lib/gcc/x86_64-linux-gnu/7.5.0 -L/usr/bin/../lib/gcc/x86_64-linux-gnu/7.5.0/../../../x86_64-linux-gnu -L/lib/x86_64-linux-gnu -L/lib/../lib64 -L/usr/lib/x86_64-linux-gnu -L/usr/bin/../lib/gcc/x86_64-linux-gnu/7.5.0/../../.. -L/usr/lib/llvm-8/bin/../lib -L/lib -L/usr/lib CMakeFiles/cmTC_47b96.dir/CMakeCXXCompilerABI.cpp.o -lstdc++ -lm -lgcc_s -lgcc -lc -lgcc_s -lgcc /usr/bin/../lib/gcc/x86_64-linux-gnu/7.5.0/crtend.o /usr/bin/../lib/gcc/x86_64-linux-gnu/7.5.0/../../../x86_64-linux-gnu/crtn.o]
    arg [/usr/bin/ld] ==> ignore
    arg [-export-dynamic] ==> ignore
    arg [-zrelro] ==> ignore
    arg [--hash-style=gnu] ==> ignore
    arg [--build-id] ==> ignore
    arg [--eh-frame-hdr] ==> ignore
    arg [-m] ==> ignore
    arg [elf_x86_64] ==> ignore
    arg [-export-dynamic] ==> ignore
    arg [-dynamic-linker] ==> ignore
    arg [/lib64/ld-linux-x86-64.so.2] ==> ignore
    arg [-o] ==> ignore
    arg [cmTC_47b96] ==> ignore
    arg [/usr/bin/../lib/gcc/x86_64-linux-gnu/7.5.0/../../../x86_64-linux-gnu/crt1.o] ==> ignore
    arg [/usr/bin/../lib/gcc/x86_64-linux-gnu/7.5.0/../../../x86_64-linux-gnu/crti.o] ==> ignore
    arg [/usr/bin/../lib/gcc/x86_64-linux-gnu/7.5.0/crtbegin.o] ==> ignore
    arg [-L/usr/bin/../lib/gcc/x86_64-linux-gnu/7.5.0] ==> dir [/usr/bin/../lib/gcc/x86_64-linux-gnu/7.5.0]
    arg [-L/usr/bin/../lib/gcc/x86_64-linux-gnu/7.5.0/../../../x86_64-linux-gnu] ==> dir [/usr/bin/../lib/gcc/x86_64-linux-gnu/7.5.0/../../../x86_64-linux-gnu]
    arg [-L/lib/x86_64-linux-gnu] ==> dir [/lib/x86_64-linux-gnu]
    arg [-L/lib/../lib64] ==> dir [/lib/../lib64]
    arg [-L/usr/lib/x86_64-linux-gnu] ==> dir [/usr/lib/x86_64-linux-gnu]
    arg [-L/usr/bin/../lib/gcc/x86_64-linux-gnu/7.5.0/../../..] ==> dir [/usr/bin/../lib/gcc/x86_64-linux-gnu/7.5.0/../../..]
    arg [-L/usr/lib/llvm-8/bin/../lib] ==> dir [/usr/lib/llvm-8/bin/../lib]
    arg [-L/lib] ==> dir [/lib]
    arg [-L/usr/lib] ==> dir [/usr/lib]
    arg [CMakeFiles/cmTC_47b96.dir/CMakeCXXCompilerABI.cpp.o] ==> ignore
    arg [-lstdc++] ==> lib [stdc++]
    arg [-lm] ==> lib [m]
    arg [-lgcc_s] ==> lib [gcc_s]
    arg [-lgcc] ==> lib [gcc]
    arg [-lc] ==> lib [c]
    arg [-lgcc_s] ==> lib [gcc_s]
    arg [-lgcc] ==> lib [gcc]
    arg [/usr/bin/../lib/gcc/x86_64-linux-gnu/7.5.0/crtend.o] ==> ignore
    arg [/usr/bin/../lib/gcc/x86_64-linux-gnu/7.5.0/../../../x86_64-linux-gnu/crtn.o] ==> ignore
  collapse library dir [/usr/bin/../lib/gcc/x86_64-linux-gnu/7.5.0] ==> [/usr/lib/gcc/x86_64-linux-gnu/7.5.0]
  collapse library dir [/usr/bin/../lib/gcc/x86_64-linux-gnu/7.5.0/../../../x86_64-linux-gnu] ==> [/usr/lib/x86_64-linux-gnu]
  collapse library dir [/lib/x86_64-linux-gnu] ==> [/lib/x86_64-linux-gnu]
  collapse library dir [/lib/../lib64] ==> [/lib64]
  collapse library dir [/usr/lib/x86_64-linux-gnu] ==> [/usr/lib/x86_64-linux-gnu]
  collapse library dir [/usr/bin/../lib/gcc/x86_64-linux-gnu/7.5.0/../../..] ==> [/usr/lib]
  collapse library dir [/usr/lib/llvm-8/bin/../lib] ==> [/usr/lib/llvm-8/lib]
  collapse library dir [/lib] ==> [/lib]
  collapse library dir [/usr/lib] ==> [/usr/lib]
  implicit libs: [stdc++;m;gcc_s;gcc;c;gcc_s;gcc]
  implicit dirs: [/usr/lib/gcc/x86_64-linux-gnu/7.5.0;/usr/lib/x86_64-linux-gnu;/lib/x86_64-linux-gnu;/lib64;/usr/lib;/usr/lib/llvm-8/lib;/lib]
  implicit fwks: []




Detecting CXX [-std=c++1z] compiler features compiled with the following output:
Change Dir: /lab7/build/CMakeFiles/CMakeTmp

Run Build Command:"/usr/bin/make" "cmTC_b86ba/fast"
/usr/bin/make -f CMakeFiles/cmTC_b86ba.dir/build.make CMakeFiles/cmTC_b86ba.dir/build
make[1]: Entering directory '/lab7/build/CMakeFiles/CMakeTmp'
Building CXX object CMakeFiles/cmTC_b86ba.dir/feature_tests.cxx.o
/usr/bin/clang++    -std=c++1z -o CMakeFiles/cmTC_b86ba.dir/feature_tests.cxx.o -c /lab7/build/CMakeFiles/feature_tests.cxx
Linking CXX executable cmTC_b86ba
/usr/bin/cmake -E cmake_link_script CMakeFiles/cmTC_b86ba.dir/link.txt --verbose=1
/usr/bin/clang++       -rdynamic CMakeFiles/cmTC_b86ba.dir/feature_tests.cxx.o  -o cmTC_b86ba 
make[1]: Leaving directory '/lab7/build/CMakeFiles/CMakeTmp'


    Feature record: CXX_FEATURE:1cxx_aggregate_default_initializers
    Feature record: CXX_FEATURE:1cxx_alias_templates
    Feature record: CXX_FEATURE:1cxx_alignas
    Feature record: CXX_FEATURE:1cxx_alignof
    Feature record: CXX_FEATURE:1cxx_attributes
    Feature record: CXX_FEATURE:1cxx_attribute_deprecated
    Feature record: CXX_FEATURE:1cxx_auto_type
    Feature record: CXX_FEATURE:1cxx_binary_literals
    Feature record: CXX_FEATURE:1cxx_constexpr
    Feature record: CXX_FEATURE:1cxx_contextual_conversions
    Feature record: CXX_FEATURE:1cxx_decltype
    Feature record: CXX_FEATURE:1cxx_decltype_auto
    Feature record: CXX_FEATURE:1cxx_decltype_incomplete_return_types
    Feature record: CXX_FEATURE:1cxx_default_function_template_args
    Feature record: CXX_FEATURE:1cxx_defaulted_functions
    Feature record: CXX_FEATURE:1cxx_defaulted_move_initializers
    Feature record: CXX_FEATURE:1cxx_delegating_constructors
    Feature record: CXX_FEATURE:1cxx_deleted_functions
    Feature record: CXX_FEATURE:1cxx_digit_separators
    Feature record: CXX_FEATURE:1cxx_enum_forward_declarations
    Feature record: CXX_FEATURE:1cxx_explicit_conversions
    Feature record: CXX_FEATURE:1cxx_extended_friend_declarations
    Feature record: CXX_FEATURE:1cxx_extern_templates
    Feature record: CXX_FEATURE:1cxx_final
    Feature record: CXX_FEATURE:1cxx_func_identifier
    Feature record: CXX_FEATURE:1cxx_generalized_initializers
    Feature record: CXX_FEATURE:1cxx_generic_lambdas
    Feature record: CXX_FEATURE:1cxx_inheriting_constructors
    Feature record: CXX_FEATURE:1cxx_inline_namespaces
    Feature record: CXX_FEATURE:1cxx_lambdas
    Feature record: CXX_FEATURE:1cxx_lambda_init_captures
    Feature record: CXX_FEATURE:1cxx_local_type_template_args
    Feature record: CXX_FEATURE:1cxx_long_long_type
    Feature record: CXX_FEATURE:1cxx_noexcept
    Feature record: CXX_FEATURE:1cxx_nonstatic_member_init
    Feature record: CXX_FEATURE:1cxx_nullptr
    Feature record: CXX_FEATURE:1cxx_override
    Feature record: CXX_FEATURE:1cxx_range_for
    Feature record: CXX_FEATURE:1cxx_raw_string_literals
    Feature record: CXX_FEATURE:1cxx_reference_qualified_functions
    Feature record: CXX_FEATURE:1cxx_relaxed_constexpr
    Feature record: CXX_FEATURE:1cxx_return_type_deduction
    Feature record: CXX_FEATURE:1cxx_right_angle_brackets
    Feature record: CXX_FEATURE:1cxx_rvalue_references
    Feature record: CXX_FEATURE:1cxx_sizeof_member
    Feature record: CXX_FEATURE:1cxx_static_assert
    Feature record: CXX_FEATURE:1cxx_strong_enums
    Feature record: CXX_FEATURE:1cxx_template_template_parameters
    Feature record: CXX_FEATURE:1cxx_thread_local
    Feature record: CXX_FEATURE:1cxx_trailing_return_types
    Feature record: CXX_FEATURE:1cxx_unicode_literals
    Feature record: CXX_FEATURE:1cxx_uniform_initialization
    Feature record: CXX_FEATURE:1cxx_unrestricted_unions
    Feature record: CXX_FEATURE:1cxx_user_literals
    Feature record: CXX_FEATURE:1cxx_variable_templates
    Feature record: CXX_FEATURE:1cxx_variadic_macros
    Feature record: CXX_FEATURE:1cxx_variadic_templates


Detecting CXX [-std=c++14] compiler features compiled with the following output:
Change Dir: /lab7/build/CMakeFiles/CMakeTmp

Run Build Command:"/usr/bin/make" "cmTC_22a6b/fast"
/usr/bin/make -f CMakeFiles/cmTC_22a6b.dir/build.make CMakeFiles/cmTC_22a6b.dir/build
make[1]: Entering directory '/lab7/build/CMakeFiles/CMakeTmp'
Building CXX object CMakeFiles/cmTC_22a6b.dir/feature_tests.cxx.o
/usr/bin/clang++    -std=c++14 -o CMakeFiles/cmTC_22a6b.dir/feature_tests.cxx.o -c /lab7/build/CMakeFiles/feature_tests.cxx
Linking CXX executable cmTC_22a6b
/usr/bin/cmake -E cmake_link_script CMakeFiles/cmTC_22a6b.dir/link.txt --verbose=1
/usr/bin/clang++       -rdynamic CMakeFiles/cmTC_22a6b.dir/feature_tests.cxx.o  -o cmTC_22a6b 
make[1]: Leaving directory '/lab7/build/CMakeFiles/CMakeTmp'


    Feature record: CXX_FEATURE:1cxx_aggregate_default_initializers
    Feature record: CXX_FEATURE:1cxx_alias_templates
    Feature record: CXX_FEATURE:1cxx_alignas
    Feature record: CXX_FEATURE:1cxx_alignof
    Feature record: CXX_FEATURE:1cxx_attributes
    Feature record: CXX_FEATURE:1cxx_attribute_deprecated
    Feature record: CXX_FEATURE:1cxx_auto_type
    Feature record: CXX_FEATURE:1cxx_binary_literals
    Feature record: CXX_FEATURE:1cxx_constexpr
    Feature record: CXX_FEATURE:1cxx_contextual_conversions
    Feature record: CXX_FEATURE:1cxx_decltype
    Feature record: CXX_FEATURE:1cxx_decltype_auto
    Feature record: CXX_FEATURE:1cxx_decltype_incomplete_return_types
    Feature record: CXX_FEATURE:1cxx_default_function_template_args
    Feature record: CXX_FEATURE:1cxx_defaulted_functions
    Feature record: CXX_FEATURE:1cxx_defaulted_move_initializers
    Feature record: CXX_FEATURE:1cxx_delegating_constructors
    Feature record: CXX_FEATURE:1cxx_deleted_functions
    Feature record: CXX_FEATURE:1cxx_digit_separators
    Feature record: CXX_FEATURE:1cxx_enum_forward_declarations
    Feature record: CXX_FEATURE:1cxx_explicit_conversions
    Feature record: CXX_FEATURE:1cxx_extended_friend_declarations
    Feature record: CXX_FEATURE:1cxx_extern_templates
    Feature record: CXX_FEATURE:1cxx_final
    Feature record: CXX_FEATURE:1cxx_func_identifier
    Feature record: CXX_FEATURE:1cxx_generalized_initializers
    Feature record: CXX_FEATURE:1cxx_generic_lambdas
    Feature record: CXX_FEATURE:1cxx_inheriting_constructors
    Feature record: CXX_FEATURE:1cxx_inline_namespaces
    Feature record: CXX_FEATURE:1cxx_lambdas
    Feature record: CXX_FEATURE:1cxx_lambda_init_captures
    Feature record: CXX_FEATURE:1cxx_local_type_template_args
    Feature record: CXX_FEATURE:1cxx_long_long_type
    Feature record: CXX_FEATURE:1cxx_noexcept
    Feature record: CXX_FEATURE:1cxx_nonstatic_member_init
    Feature record: CXX_FEATURE:1cxx_nullptr
    Feature record: CXX_FEATURE:1cxx_override
    Feature record: CXX_FEATURE:1cxx_range_for
    Feature record: CXX_FEATURE:1cxx_raw_string_literals
    Feature record: CXX_FEATURE:1cxx_reference_qualified_functions
    Feature record: CXX_FEATURE:1cxx_relaxed_constexpr
    Feature record: CXX_FEATURE:1cxx_return_type_deduction
    Feature record: CXX_FEATURE:1cxx_right_angle_brackets
    Feature record: CXX_FEATURE:1cxx_rvalue_references
    Feature record: CXX_FEATURE:1cxx_sizeof_member
    Feature record: CXX_FEATURE:1cxx_static_assert
    Feature record: CXX_FEATURE:1cxx_strong_enums
    Feature record: CXX_FEATURE:1cxx_template_template_parameters
    Feature record: CXX_FEATURE:1cxx_thread_local
    Feature record: CXX_FEATURE:1cxx_trailing_return_types
    Feature record: CXX_FEATURE:1cxx_unicode_literals
    Feature record: CXX_FEATURE:1cxx_uniform_initialization
    Feature record: CXX_FEATURE:1cxx_unrestricted_unions
    Feature record: CXX_FEATURE:1cxx_user_literals
    Feature record: CXX_FEATURE:1cxx_variable_templates
    Feature record: CXX_FEATURE:1cxx_variadic_macros
    Feature record: CXX_FEATURE:1cxx_variadic_templates


Detecting CXX [-std=c++11] compiler features compiled with the following output:
Change Dir: /lab7/build/CMakeFiles/CMakeTmp

Run Build Command:"/usr/bin/make" "cmTC_67e63/fast"
/usr/bin/make -f CMakeFiles/cmTC_67e63.dir/build.make CMakeFiles/cmTC_67e63.dir/build
make[1]: Entering directory '/lab7/build/CMakeFiles/CMakeTmp'
Building CXX object CMakeFiles/cmTC_67e63.dir/feature_tests.cxx.o
/usr/bin/clang++    -std=c++11 -o CMakeFiles/cmTC_67e63.dir/feature_tests.cxx.o -c /lab7/build/CMakeFiles/feature_tests.cxx
Linking CXX executable cmTC_67e63
/usr/bin/cmake -E cmake_link_script CMakeFiles/cmTC_67e63.dir/link.txt --verbose=1
/usr/bin/clang++       -rdynamic CMakeFiles/cmTC_67e63.dir/feature_tests.cxx.o  -o cmTC_67e63 
make[1]: Leaving directory '/lab7/build/CMakeFiles/CMakeTmp'


    Feature record: CXX_FEATURE:0cxx_aggregate_default_initializers
    Feature record: CXX_FEATURE:1cxx_alias_templates
    Feature record: CXX_FEATURE:1cxx_alignas
    Feature record: CXX_FEATURE:1cxx_alignof
    Feature record: CXX_FEATURE:1cxx_attributes
    Feature record: CXX_FEATURE:0cxx_attribute_deprecated
    Feature record: CXX_FEATURE:1cxx_auto_type
    Feature record: CXX_FEATURE:0cxx_binary_literals
    Feature record: CXX_FEATURE:1cxx_constexpr
    Feature record: CXX_FEATURE:0cxx_contextual_conversions
    Feature record: CXX_FEATURE:1cxx_decltype
    Feature record: CXX_FEATURE:0cxx_decltype_auto
    Feature record: CXX_FEATURE:1cxx_decltype_incomplete_return_types
    Feature record: CXX_FEATURE:1cxx_default_function_template_args
    Feature record: CXX_FEATURE:1cxx_defaulted_functions
    Feature record: CXX_FEATURE:1cxx_defaulted_move_initializers
    Feature record: CXX_FEATURE:1cxx_delegating_constructors
    Feature record: CXX_FEATURE:1cxx_deleted_functions
    Feature record: CXX_FEATURE:0cxx_digit_separators
    Feature record: CXX_FEATURE:1cxx_enum_forward_declarations
    Feature record: CXX_FEATURE:1cxx_explicit_conversions
    Feature record: CXX_FEATURE:1cxx_extended_friend_declarations
    Feature record: CXX_FEATURE:1cxx_extern_templates
    Feature record: CXX_FEATURE:1cxx_final
    Feature record: CXX_FEATURE:1cxx_func_identifier
    Feature record: CXX_FEATURE:1cxx_generalized_initializers
    Feature record: CXX_FEATURE:0cxx_generic_lambdas
    Feature record: CXX_FEATURE:1cxx_inheriting_constructors
    Feature record: CXX_FEATURE:1cxx_inline_namespaces
    Feature record: CXX_FEATURE:1cxx_lambdas
    Feature record: CXX_FEATURE:0cxx_lambda_init_captures
    Feature record: CXX_FEATURE:1cxx_local_type_template_args
    Feature record: CXX_FEATURE:1cxx_long_long_type
    Feature record: CXX_FEATURE:1cxx_noexcept
    Feature record: CXX_FEATURE:1cxx_nonstatic_member_init
    Feature record: CXX_FEATURE:1cxx_nullptr
    Feature record: CXX_FEATURE:1cxx_override
    Feature record: CXX_FEATURE:1cxx_range_for
    Feature record: CXX_FEATURE:1cxx_raw_string_literals
    Feature record: CXX_FEATURE:1cxx_reference_qualified_functions
    Feature record: CXX_FEATURE:0cxx_relaxed_constexpr
    Feature record: CXX_FEATURE:0cxx_return_type_deduction
    Feature record: CXX_FEATURE:1cxx_right_angle_brackets
    Feature record: CXX_FEATURE:1cxx_rvalue_references
    Feature record: CXX_FEATURE:1cxx_sizeof_member
    Feature record: CXX_FEATURE:1cxx_static_assert
    Feature record: CXX_FEATURE:1cxx_strong_enums
    Feature record: CXX_FEATURE:1cxx_template_template_parameters
    Feature record: CXX_FEATURE:1cxx_thread_local
    Feature record: CXX_FEATURE:1cxx_trailing_return_types
    Feature record: CXX_FEATURE:1cxx_unicode_literals
    Feature record: CXX_FEATURE:1cxx_uniform_initialization
    Feature record: CXX_FEATURE:1cxx_unrestricted_unions
    Feature record: CXX_FEATURE:1cxx_user_literals
    Feature record: CXX_FEATURE:0cxx_variable_templates
    Feature record: CXX_FEATURE:1cxx_variadic_macros
    Feature record: CXX_FEATURE:1cxx_variadic_templates


Detecting CXX [-std=c++98] compiler features compiled with the following output:
Change Dir: /lab7/build/CMakeFiles/CMakeTmp

Run Build Command:"/usr/bin/make" "cmTC_82355/fast"
/usr/bin/make -f CMakeFiles/cmTC_82355.dir/build.make CMakeFiles/cmTC_82355.dir/build
make[1]: Entering directory '/lab7/build/CMakeFiles/CMakeTmp'
Building CXX object CMakeFiles/cmTC_82355.dir/feature_tests.cxx.o
/usr/bin/clang++    -std=c++98 -o CMakeFiles/cmTC_82355.dir/feature_tests.cxx.o -c /lab7/build/CMakeFiles/feature_tests.cxx
Linking CXX executable cmTC_82355
/usr/bin/cmake -E cmake_link_script CMakeFiles/cmTC_82355.dir/link.txt --verbose=1
/usr/bin/clang++       -rdynamic CMakeFiles/cmTC_82355.dir/feature_tests.cxx.o  -o cmTC_82355 
make[1]: Leaving directory '/lab7/build/CMakeFiles/CMakeTmp'


    Feature record: CXX_FEATURE:0cxx_aggregate_default_initializers
    Feature record: CXX_FEATURE:0cxx_alias_templates
    Feature record: CXX_FEATURE:0cxx_alignas
    Feature record: CXX_FEATURE:0cxx_alignof
    Feature record: CXX_FEATURE:0cxx_attributes
    Feature record: CXX_FEATURE:0cxx_attribute_deprecated
    Feature record: CXX_FEATURE:0cxx_auto_type
    Feature record: CXX_FEATURE:0cxx_binary_literals
    Feature record: CXX_FEATURE:0cxx_constexpr
    Feature record: CXX_FEATURE:0cxx_contextual_conversions
    Feature record: CXX_FEATURE:0cxx_decltype
    Feature record: CXX_FEATURE:0cxx_decltype_auto
    Feature record: CXX_FEATURE:0cxx_decltype_incomplete_return_types
    Feature record: CXX_FEATURE:0cxx_default_function_template_args
    Feature record: CXX_FEATURE:0cxx_defaulted_functions
    Feature record: CXX_FEATURE:0cxx_defaulted_move_initializers
    Feature record: CXX_FEATURE:0cxx_delegating_constructors
    Feature record: CXX_FEATURE:0cxx_deleted_functions
    Feature record: CXX_FEATURE:0cxx_digit_separators
    Feature record: CXX_FEATURE:0cxx_enum_forward_declarations
    Feature record: CXX_FEATURE:0cxx_explicit_conversions
    Feature record: CXX_FEATURE:0cxx_extended_friend_declarations
    Feature record: CXX_FEATURE:0cxx_extern_templates
    Feature record: CXX_FEATURE:0cxx_final
    Feature record: CXX_FEATURE:0cxx_func_identifier
    Feature record: CXX_FEATURE:0cxx_generalized_initializers
    Feature record: CXX_FEATURE:0cxx_generic_lambdas
    Feature record: CXX_FEATURE:0cxx_inheriting_constructors
    Feature record: CXX_FEATURE:0cxx_inline_namespaces
    Feature record: CXX_FEATURE:0cxx_lambdas
    Feature record: CXX_FEATURE:0cxx_lambda_init_captures
    Feature record: CXX_FEATURE:0cxx_local_type_template_args
    Feature record: CXX_FEATURE:0cxx_long_long_type
    Feature record: CXX_FEATURE:0cxx_noexcept
    Feature record: CXX_FEATURE:0cxx_nonstatic_member_init
    Feature record: CXX_FEATURE:0cxx_nullptr
    Feature record: CXX_FEATURE:0cxx_override
    Feature record: CXX_FEATURE:0cxx_range_for
    Feature record: CXX_FEATURE:0cxx_raw_string_literals
    Feature record: CXX_FEATURE:0cxx_reference_qualified_functions
    Feature record: CXX_FEATURE:0cxx_relaxed_constexpr
    Feature record: CXX_FEATURE:0cxx_return_type_deduction
    Feature record: CXX_FEATURE:0cxx_right_angle_brackets
    Feature record: CXX_FEATURE:0cxx_rvalue_references
    Feature record: CXX_FEATURE:0cxx_sizeof_member
    Feature record: CXX_FEATURE:0cxx_static_assert
    Feature record: CXX_FEATURE:0cxx_strong_enums
    Feature record: CXX_FEATURE:1cxx_template_template_parameters
    Feature record: CXX_FEATURE:0cxx_thread_local
    Feature record: CXX_FEATURE:0cxx_trailing_return_types
    Feature record: CXX_FEATURE:0cxx_unicode_literals
    Feature record: CXX_FEATURE:0cxx_uniform_initialization
    Feature record: CXX_FEATURE:0cxx_unrestricted_unions
    Feature record: CXX_FEATURE:0cxx_user_literals
    Feature record: CXX_FEATURE:0cxx_variable_templates
    Feature record: CXX_FEATURE:0cxx_variadic_macros
    Feature record: CXX_FEATURE:0cxx_variadic_templates
Performing C++ SOURCE FILE Test LLVM_LIBSTDCXX_MIN succeeded with the following output:
Change Dir: /lab7/build/CMakeFiles/CMakeTmp

Run Build Command:"/usr/bin/make" "cmTC_79e39/fast"
/usr/bin/make -f CMakeFiles/cmTC_79e39.dir/build.make CMakeFiles/cmTC_79e39.dir/build
make[1]: Entering directory '/lab7/build/CMakeFiles/CMakeTmp'
Building CXX object CMakeFiles/cmTC_79e39.dir/src.cxx.o
/usr/bin/clang++    -DLLVM_LIBSTDCXX_MIN  -std=c++0x   -o CMakeFiles/cmTC_79e39.dir/src.cxx.o -c /lab7/build/CMakeFiles/CMakeTmp/src.cxx
Linking CXX executable cmTC_79e39
/usr/bin/cmake -E cmake_link_script CMakeFiles/cmTC_79e39.dir/link.txt --verbose=1
/usr/bin/clang++   -DLLVM_LIBSTDCXX_MIN  -std=c++0x    CMakeFiles/cmTC_79e39.dir/src.cxx.o  -o cmTC_79e39 
make[1]: Leaving directory '/lab7/build/CMakeFiles/CMakeTmp'

Source file was:

#include <iosfwd>
#if defined(__GLIBCXX__)
#if __GLIBCXX__ < 20130322
#error Unsupported libstdc++ version
#endif
#endif
int main() { return 0; }

Performing C++ SOURCE FILE Test LLVM_LIBSTDCXX_SOFT_ERROR succeeded with the following output:
Change Dir: /lab7/build/CMakeFiles/CMakeTmp

Run Build Command:"/usr/bin/make" "cmTC_36ce0/fast"
/usr/bin/make -f CMakeFiles/cmTC_36ce0.dir/build.make CMakeFiles/cmTC_36ce0.dir/build
make[1]: Entering directory '/lab7/build/CMakeFiles/CMakeTmp'
Building CXX object CMakeFiles/cmTC_36ce0.dir/src.cxx.o
/usr/bin/clang++    -DLLVM_LIBSTDCXX_SOFT_ERROR  -std=c++0x   -o CMakeFiles/cmTC_36ce0.dir/src.cxx.o -c /lab7/build/CMakeFiles/CMakeTmp/src.cxx
Linking CXX executable cmTC_36ce0
/usr/bin/cmake -E cmake_link_script CMakeFiles/cmTC_36ce0.dir/link.txt --verbose=1
/usr/bin/clang++   -DLLVM_LIBSTDCXX_SOFT_ERROR  -std=c++0x    CMakeFiles/cmTC_36ce0.dir/src.cxx.o  -o cmTC_36ce0 
make[1]: Leaving directory '/lab7/build/CMakeFiles/CMakeTmp'

Source file was:

#include <iosfwd>
#if defined(__GLIBCXX__)
#if __GLIBCXX__ < 20150422
#error Unsupported libstdc++ version
#endif
#endif
int main() { return 0; }

Performing C SOURCE FILE Test C_SUPPORTS_FPIC succeeded with the following output:
Change Dir: /lab7/build/CMakeFiles/CMakeTmp

Run Build Command:"/usr/bin/make" "cmTC_ee909/fast"
/usr/bin/make -f CMakeFiles/cmTC_ee909.dir/build.make CMakeFiles/cmTC_ee909.dir/build
make[1]: Entering directory '/lab7/build/CMakeFiles/CMakeTmp'
Building C object CMakeFiles/cmTC_ee909.dir/src.c.o
/usr/bin/clang   -DC_SUPPORTS_FPIC   -Werror -fPIC -o CMakeFiles/cmTC_ee909.dir/src.c.o   -c /lab7/build/CMakeFiles/CMakeTmp/src.c
Linking C executable cmTC_ee909
/usr/bin/cmake -E cmake_link_script CMakeFiles/cmTC_ee909.dir/link.txt --verbose=1
/usr/bin/clang  -DC_SUPPORTS_FPIC    CMakeFiles/cmTC_ee909.dir/src.c.o  -o cmTC_ee909 
make[1]: Leaving directory '/lab7/build/CMakeFiles/CMakeTmp'

Source file was:
int main(void) { return 0; }
Performing C++ SOURCE FILE Test CXX_SUPPORTS_FPIC succeeded with the following output:
Change Dir: /lab7/build/CMakeFiles/CMakeTmp

Run Build Command:"/usr/bin/make" "cmTC_6680e/fast"
/usr/bin/make -f CMakeFiles/cmTC_6680e.dir/build.make CMakeFiles/cmTC_6680e.dir/build
make[1]: Entering directory '/lab7/build/CMakeFiles/CMakeTmp'
Building CXX object CMakeFiles/cmTC_6680e.dir/src.cxx.o
/usr/bin/clang++    -DCXX_SUPPORTS_FPIC   -Werror -fPIC -o CMakeFiles/cmTC_6680e.dir/src.cxx.o -c /lab7/build/CMakeFiles/CMakeTmp/src.cxx
Linking CXX executable cmTC_6680e
/usr/bin/cmake -E cmake_link_script CMakeFiles/cmTC_6680e.dir/link.txt --verbose=1
/usr/bin/clang++   -DCXX_SUPPORTS_FPIC    CMakeFiles/cmTC_6680e.dir/src.cxx.o  -o cmTC_6680e 
make[1]: Leaving directory '/lab7/build/CMakeFiles/CMakeTmp'

Source file was:
int main() { return 0; }
Performing C++ SOURCE FILE Test SUPPORTS_FVISIBILITY_INLINES_HIDDEN_FLAG succeeded with the following output:
Change Dir: /lab7/build/CMakeFiles/CMakeTmp

Run Build Command:"/usr/bin/make" "cmTC_0d433/fast"
/usr/bin/make -f CMakeFiles/cmTC_0d433.dir/build.make CMakeFiles/cmTC_0d433.dir/build
make[1]: Entering directory '/lab7/build/CMakeFiles/CMakeTmp'
Building CXX object CMakeFiles/cmTC_0d433.dir/src.cxx.o
/usr/bin/clang++    -fPIC -DSUPPORTS_FVISIBILITY_INLINES_HIDDEN_FLAG   -fvisibility-inlines-hidden -o CMakeFiles/cmTC_0d433.dir/src.cxx.o -c /lab7/build/CMakeFiles/CMakeTmp/src.cxx
Linking CXX executable cmTC_0d433
/usr/bin/cmake -E cmake_link_script CMakeFiles/cmTC_0d433.dir/link.txt --verbose=1
/usr/bin/clang++   -fPIC -DSUPPORTS_FVISIBILITY_INLINES_HIDDEN_FLAG    CMakeFiles/cmTC_0d433.dir/src.cxx.o  -o cmTC_0d433 
make[1]: Leaving directory '/lab7/build/CMakeFiles/CMakeTmp'

Source file was:
int main() { return 0; }
Performing C SOURCE FILE Test C_SUPPORTS_WERROR_DATE_TIME succeeded with the following output:
Change Dir: /lab7/build/CMakeFiles/CMakeTmp

Run Build Command:"/usr/bin/make" "cmTC_e696f/fast"
/usr/bin/make -f CMakeFiles/cmTC_e696f.dir/build.make CMakeFiles/cmTC_e696f.dir/build
make[1]: Entering directory '/lab7/build/CMakeFiles/CMakeTmp'
Building C object CMakeFiles/cmTC_e696f.dir/src.c.o
/usr/bin/clang   -fPIC -DC_SUPPORTS_WERROR_DATE_TIME   -Werror -Werror=date-time -o CMakeFiles/cmTC_e696f.dir/src.c.o   -c /lab7/build/CMakeFiles/CMakeTmp/src.c
Linking C executable cmTC_e696f
/usr/bin/cmake -E cmake_link_script CMakeFiles/cmTC_e696f.dir/link.txt --verbose=1
/usr/bin/clang  -fPIC -DC_SUPPORTS_WERROR_DATE_TIME    CMakeFiles/cmTC_e696f.dir/src.c.o  -o cmTC_e696f 
make[1]: Leaving directory '/lab7/build/CMakeFiles/CMakeTmp'

Source file was:
int main(void) { return 0; }
Performing C++ SOURCE FILE Test CXX_SUPPORTS_WERROR_DATE_TIME succeeded with the following output:
Change Dir: /lab7/build/CMakeFiles/CMakeTmp

Run Build Command:"/usr/bin/make" "cmTC_36125/fast"
/usr/bin/make -f CMakeFiles/cmTC_36125.dir/build.make CMakeFiles/cmTC_36125.dir/build
make[1]: Entering directory '/lab7/build/CMakeFiles/CMakeTmp'
Building CXX object CMakeFiles/cmTC_36125.dir/src.cxx.o
/usr/bin/clang++    -fPIC -fvisibility-inlines-hidden -DCXX_SUPPORTS_WERROR_DATE_TIME   -Werror -Werror=date-time -o CMakeFiles/cmTC_36125.dir/src.cxx.o -c /lab7/build/CMakeFiles/CMakeTmp/src.cxx
Linking CXX executable cmTC_36125
/usr/bin/cmake -E cmake_link_script CMakeFiles/cmTC_36125.dir/link.txt --verbose=1
/usr/bin/clang++   -fPIC -fvisibility-inlines-hidden -DCXX_SUPPORTS_WERROR_DATE_TIME    CMakeFiles/cmTC_36125.dir/src.cxx.o  -o cmTC_36125 
make[1]: Leaving directory '/lab7/build/CMakeFiles/CMakeTmp'

Source file was:
int main() { return 0; }
Performing C SOURCE FILE Test C_SUPPORTS_WERROR_UNGUARDED_AVAILABILITY_NEW succeeded with the following output:
Change Dir: /lab7/build/CMakeFiles/CMakeTmp

Run Build Command:"/usr/bin/make" "cmTC_6685f/fast"
/usr/bin/make -f CMakeFiles/cmTC_6685f.dir/build.make CMakeFiles/cmTC_6685f.dir/build
make[1]: Entering directory '/lab7/build/CMakeFiles/CMakeTmp'
Building C object CMakeFiles/cmTC_6685f.dir/src.c.o
/usr/bin/clang   -fPIC -Werror=date-time -DC_SUPPORTS_WERROR_UNGUARDED_AVAILABILITY_NEW   -Werror -Werror=unguarded-availability-new -o CMakeFiles/cmTC_6685f.dir/src.c.o   -c /lab7/build/CMakeFiles/CMakeTmp/src.c
Linking C executable cmTC_6685f
/usr/bin/cmake -E cmake_link_script CMakeFiles/cmTC_6685f.dir/link.txt --verbose=1
/usr/bin/clang  -fPIC -Werror=date-time -DC_SUPPORTS_WERROR_UNGUARDED_AVAILABILITY_NEW    CMakeFiles/cmTC_6685f.dir/src.c.o  -o cmTC_6685f 
make[1]: Leaving directory '/lab7/build/CMakeFiles/CMakeTmp'

Source file was:
int main(void) { return 0; }
Performing C++ SOURCE FILE Test CXX_SUPPORTS_WERROR_UNGUARDED_AVAILABILITY_NEW succeeded with the following output:
Change Dir: /lab7/build/CMakeFiles/CMakeTmp

Run Build Command:"/usr/bin/make" "cmTC_d68bb/fast"
/usr/bin/make -f CMakeFiles/cmTC_d68bb.dir/build.make CMakeFiles/cmTC_d68bb.dir/build
make[1]: Entering directory '/lab7/build/CMakeFiles/CMakeTmp'
Building CXX object CMakeFiles/cmTC_d68bb.dir/src.cxx.o
/usr/bin/clang++    -fPIC -fvisibility-inlines-hidden -Werror=date-time -DCXX_SUPPORTS_WERROR_UNGUARDED_AVAILABILITY_NEW   -Werror -Werror=unguarded-availability-new -o CMakeFiles/cmTC_d68bb.dir/src.cxx.o -c /lab7/build/CMakeFiles/CMakeTmp/src.cxx
Linking CXX executable cmTC_d68bb
/usr/bin/cmake -E cmake_link_script CMakeFiles/cmTC_d68bb.dir/link.txt --verbose=1
/usr/bin/clang++   -fPIC -fvisibility-inlines-hidden -Werror=date-time -DCXX_SUPPORTS_WERROR_UNGUARDED_AVAILABILITY_NEW    CMakeFiles/cmTC_d68bb.dir/src.cxx.o  -o cmTC_d68bb 
make[1]: Leaving directory '/lab7/build/CMakeFiles/CMakeTmp'

Source file was:
int main() { return 0; }
Performing C++ SOURCE FILE Test CXX_SUPPORTS_CXX11 succeeded with the following output:
Change Dir: /lab7/build/CMakeFiles/CMakeTmp

Run Build Command:"/usr/bin/make" "cmTC_89540/fast"
/usr/bin/make -f CMakeFiles/cmTC_89540.dir/build.make CMakeFiles/cmTC_89540.dir/build
make[1]: Entering directory '/lab7/build/CMakeFiles/CMakeTmp'
Building CXX object CMakeFiles/cmTC_89540.dir/src.cxx.o
/usr/bin/clang++    -fPIC -fvisibility-inlines-hidden -Werror=date-time -Werror=unguarded-availability-new -DCXX_SUPPORTS_CXX11   -std=c++11 -o CMakeFiles/cmTC_89540.dir/src.cxx.o -c /lab7/build/CMakeFiles/CMakeTmp/src.cxx
Linking CXX executable cmTC_89540
/usr/bin/cmake -E cmake_link_script CMakeFiles/cmTC_89540.dir/link.txt --verbose=1
/usr/bin/clang++   -fPIC -fvisibility-inlines-hidden -Werror=date-time -Werror=unguarded-availability-new -DCXX_SUPPORTS_CXX11    CMakeFiles/cmTC_89540.dir/src.cxx.o  -o cmTC_89540 
make[1]: Leaving directory '/lab7/build/CMakeFiles/CMakeTmp'

Source file was:
int main() { return 0; }
Performing C SOURCE FILE Test C_SUPPORTS_FNO_FUNCTION_SECTIONS succeeded with the following output:
Change Dir: /lab7/build/CMakeFiles/CMakeTmp

Run Build Command:"/usr/bin/make" "cmTC_00a7e/fast"
/usr/bin/make -f CMakeFiles/cmTC_00a7e.dir/build.make CMakeFiles/cmTC_00a7e.dir/build
make[1]: Entering directory '/lab7/build/CMakeFiles/CMakeTmp'
Building C object CMakeFiles/cmTC_00a7e.dir/src.c.o
/usr/bin/clang   -fPIC -Werror=date-time -Werror=unguarded-availability-new -w -DC_SUPPORTS_FNO_FUNCTION_SECTIONS   -Werror -fno-function-sections -o CMakeFiles/cmTC_00a7e.dir/src.c.o   -c /lab7/build/CMakeFiles/CMakeTmp/src.c
Linking C executable cmTC_00a7e
/usr/bin/cmake -E cmake_link_script CMakeFiles/cmTC_00a7e.dir/link.txt --verbose=1
/usr/bin/clang  -fPIC -Werror=date-time -Werror=unguarded-availability-new -w -DC_SUPPORTS_FNO_FUNCTION_SECTIONS    CMakeFiles/cmTC_00a7e.dir/src.c.o  -o cmTC_00a7e 
make[1]: Leaving directory '/lab7/build/CMakeFiles/CMakeTmp'

Source file was:
int main(void) { return 0; }
Performing C SOURCE FILE Test C_SUPPORTS_FFUNCTION_SECTIONS succeeded with the following output:
Change Dir: /lab7/build/CMakeFiles/CMakeTmp

Run Build Command:"/usr/bin/make" "cmTC_db962/fast"
/usr/bin/make -f CMakeFiles/cmTC_db962.dir/build.make CMakeFiles/cmTC_db962.dir/build
make[1]: Entering directory '/lab7/build/CMakeFiles/CMakeTmp'
Building C object CMakeFiles/cmTC_db962.dir/src.c.o
/usr/bin/clang   -fPIC -Werror=date-time -Werror=unguarded-availability-new -w -DC_SUPPORTS_FFUNCTION_SECTIONS   -Werror -ffunction-sections -o CMakeFiles/cmTC_db962.dir/src.c.o   -c /lab7/build/CMakeFiles/CMakeTmp/src.c
Linking C executable cmTC_db962
/usr/bin/cmake -E cmake_link_script CMakeFiles/cmTC_db962.dir/link.txt --verbose=1
/usr/bin/clang  -fPIC -Werror=date-time -Werror=unguarded-availability-new -w -DC_SUPPORTS_FFUNCTION_SECTIONS    CMakeFiles/cmTC_db962.dir/src.c.o  -o cmTC_db962 
make[1]: Leaving directory '/lab7/build/CMakeFiles/CMakeTmp'

Source file was:
int main(void) { return 0; }
Performing C++ SOURCE FILE Test CXX_SUPPORTS_FFUNCTION_SECTIONS succeeded with the following output:
Change Dir: /lab7/build/CMakeFiles/CMakeTmp

Run Build Command:"/usr/bin/make" "cmTC_8d2d8/fast"
/usr/bin/make -f CMakeFiles/cmTC_8d2d8.dir/build.make CMakeFiles/cmTC_8d2d8.dir/build
make[1]: Entering directory '/lab7/build/CMakeFiles/CMakeTmp'
Building CXX object CMakeFiles/cmTC_8d2d8.dir/src.cxx.o
/usr/bin/clang++    -fPIC -fvisibility-inlines-hidden -Werror=date-time -Werror=unguarded-availability-new -std=c++11 -w -DCXX_SUPPORTS_FFUNCTION_SECTIONS   -Werror -ffunction-sections -o CMakeFiles/cmTC_8d2d8.dir/src.cxx.o -c /lab7/build/CMakeFiles/CMakeTmp/src.cxx
Linking CXX executable cmTC_8d2d8
/usr/bin/cmake -E cmake_link_script CMakeFiles/cmTC_8d2d8.dir/link.txt --verbose=1
/usr/bin/clang++   -fPIC -fvisibility-inlines-hidden -Werror=date-time -Werror=unguarded-availability-new -std=c++11 -w -DCXX_SUPPORTS_FFUNCTION_SECTIONS    CMakeFiles/cmTC_8d2d8.dir/src.cxx.o  -o cmTC_8d2d8 
make[1]: Leaving directory '/lab7/build/CMakeFiles/CMakeTmp'

Source file was:
int main() { return 0; }
Performing C SOURCE FILE Test C_SUPPORTS_FDATA_SECTIONS succeeded with the following output:
Change Dir: /lab7/build/CMakeFiles/CMakeTmp

Run Build Command:"/usr/bin/make" "cmTC_c7206/fast"
/usr/bin/make -f CMakeFiles/cmTC_c7206.dir/build.make CMakeFiles/cmTC_c7206.dir/build
make[1]: Entering directory '/lab7/build/CMakeFiles/CMakeTmp'
Building C object CMakeFiles/cmTC_c7206.dir/src.c.o
/usr/bin/clang   -fPIC -Werror=date-time -Werror=unguarded-availability-new -w -ffunction-sections -DC_SUPPORTS_FDATA_SECTIONS   -Werror -fdata-sections -o CMakeFiles/cmTC_c7206.dir/src.c.o   -c /lab7/build/CMakeFiles/CMakeTmp/src.c
Linking C executable cmTC_c7206
/usr/bin/cmake -E cmake_link_script CMakeFiles/cmTC_c7206.dir/link.txt --verbose=1
/usr/bin/clang  -fPIC -Werror=date-time -Werror=unguarded-availability-new -w -ffunction-sections -DC_SUPPORTS_FDATA_SECTIONS    CMakeFiles/cmTC_c7206.dir/src.c.o  -o cmTC_c7206 
make[1]: Leaving directory '/lab7/build/CMakeFiles/CMakeTmp'

Source file was:
int main(void) { return 0; }
Performing C++ SOURCE FILE Test CXX_SUPPORTS_FDATA_SECTIONS succeeded with the following output:
Change Dir: /lab7/build/CMakeFiles/CMakeTmp

Run Build Command:"/usr/bin/make" "cmTC_c2c46/fast"
/usr/bin/make -f CMakeFiles/cmTC_c2c46.dir/build.make CMakeFiles/cmTC_c2c46.dir/build
make[1]: Entering directory '/lab7/build/CMakeFiles/CMakeTmp'
Building CXX object CMakeFiles/cmTC_c2c46.dir/src.cxx.o
/usr/bin/clang++    -fPIC -fvisibility-inlines-hidden -Werror=date-time -Werror=unguarded-availability-new -std=c++11 -w -ffunction-sections -DCXX_SUPPORTS_FDATA_SECTIONS   -Werror -fdata-sections -o CMakeFiles/cmTC_c2c46.dir/src.cxx.o -c /lab7/build/CMakeFiles/CMakeTmp/src.cxx
Linking CXX executable cmTC_c2c46
/usr/bin/cmake -E cmake_link_script CMakeFiles/cmTC_c2c46.dir/link.txt --verbose=1
/usr/bin/clang++   -fPIC -fvisibility-inlines-hidden -Werror=date-time -Werror=unguarded-availability-new -std=c++11 -w -ffunction-sections -DCXX_SUPPORTS_FDATA_SECTIONS    CMakeFiles/cmTC_c2c46.dir/src.cxx.o  -o cmTC_c2c46 
make[1]: Leaving directory '/lab7/build/CMakeFiles/CMakeTmp'

Source file was:
int main() { return 0; }
